

Microchip MPLAB XC8 Assembler V2.40 build 20220703182018 
                                                                                               Fri Apr 21 17:46:52 2023

Microchip MPLAB XC8 C Compiler v2.40 (Free license) build 20220703182018 Og1 
     1                           	processor	16F887
     2                           	pagewidth 120
     3                           	opt	flic
     4                           	psect	cinit,global,class=CODE,merge=1,delta=2
     5                           	psect	bssCOMMON,global,class=COMMON,space=1,delta=1,noexec
     6                           	psect	cstackCOMMON,global,class=COMMON,space=1,delta=1,noexec
     7                           	psect	maintext,global,class=CODE,split=1,delta=2
     8                           	psect	text1,local,class=CODE,merge=1,delta=2
     9                           	psect	text2,local,class=CODE,merge=1,delta=2
    10                           	psect	text3,local,class=CODE,merge=1,delta=2
    11                           	psect	text4,local,class=CODE,merge=1,delta=2
    12                           	psect	intentry,global,class=CODE,delta=2
    13                           	psect	idloc,global,abs,ovrld,class=IDLOC,space=5,delta=2,noexec
    14                           	psect	config,global,abs,ovrld,class=CONFIG,space=4,delta=2,noexec
    15                           	dabs	1,0x7E,2
    16     0000                     
    17                           ; Version 2.40
    18                           ; Generated 17/11/2021 GMT
    19                           ; 
    20                           ; Copyright © 2021, Microchip Technology Inc. and its subsidiaries ("Microchip")
    21                           ; All rights reserved.
    22                           ; 
    23                           ; This software is developed by Microchip Technology Inc. and its subsidiaries ("Microch
      +                          ip").
    24                           ; 
    25                           ; Redistribution and use in source and binary forms, with or without modification, are
    26                           ; permitted provided that the following conditions are met:
    27                           ; 
    28                           ;     1. Redistributions of source code must retain the above copyright notice, this lis
      +                          t of
    29                           ;        conditions and the following disclaimer.
    30                           ; 
    31                           ;     2. Redistributions in binary form must reproduce the above copyright notice, this 
      +                          list
    32                           ;        of conditions and the following disclaimer in the documentation and/or other
    33                           ;        materials provided with the distribution. Publication is not required when
    34                           ;        this file is used in an embedded application.
    35                           ; 
    36                           ;     3. Microchip's name may not be used to endorse or promote products derived from th
      +                          is
    37                           ;        software without specific prior written permission.
    38                           ; 
    39                           ; THIS SOFTWARE IS PROVIDED BY MICROCHIP "AS IS" AND ANY EXPRESS OR IMPLIED WARRANTIES,
    40                           ; INCLUDING, BUT NOT LIMITED TO, THE IMPLIED WARRANTIES OF MERCHANTABILITY AND FITNESS F
      +                          OR
    41                           ; PURPOSE ARE DISCLAIMED.  IN NO EVENT SHALL MICROCHIP BE LIABLE FOR ANY DIRECT, INDIREC
      +                          T,
    42                           ; INCIDENTAL, SPECIAL, EXEMPLARY, OR CONSEQUENTIAL DAMAGES (INCLUDING BUT NOT LIMITED TO
    43                           ; PROCUREMENT OF SUBSTITUTE GOODS OR SERVICES; LOSS OF USE, DATA OR PROFITS; OR BUSINESS
    44                           ; INTERRUPTION) HOWSOEVER CAUSED AND ON ANY THEORY OF LIABILITY, WHETHER IN CONTRACT, ST
      +                          RICT
    45                           ; LIABILITY, OR TORT (INCLUDING NEGLIGENCE OR OTHERWISE) ARISING IN ANY WAY OUT OF THE U
      +                          SE OF
    46                           ; THIS SOFTWARE, EVEN IF ADVISED OF THE POSSIBILITY OF SUCH DAMAGE.
    47                           ; 
    48                           ; 
    49                           ; Code-generator required, PIC16F887 Definitions
    50                           ; 
    51                           ; SFR Addresses
    52     0000                     	;# 
    53     0001                     	;# 
    54     0002                     	;# 
    55     0003                     	;# 
    56     0004                     	;# 
    57     0005                     	;# 
    58     0006                     	;# 
    59     0007                     	;# 
    60     0008                     	;# 
    61     0009                     	;# 
    62     000A                     	;# 
    63     000B                     	;# 
    64     000C                     	;# 
    65     000D                     	;# 
    66     000E                     	;# 
    67     000E                     	;# 
    68     000F                     	;# 
    69     0010                     	;# 
    70     0011                     	;# 
    71     0012                     	;# 
    72     0013                     	;# 
    73     0014                     	;# 
    74     0015                     	;# 
    75     0015                     	;# 
    76     0016                     	;# 
    77     0017                     	;# 
    78     0018                     	;# 
    79     0019                     	;# 
    80     001A                     	;# 
    81     001B                     	;# 
    82     001B                     	;# 
    83     001C                     	;# 
    84     001D                     	;# 
    85     001E                     	;# 
    86     001F                     	;# 
    87     0081                     	;# 
    88     0085                     	;# 
    89     0086                     	;# 
    90     0087                     	;# 
    91     0088                     	;# 
    92     0089                     	;# 
    93     008C                     	;# 
    94     008D                     	;# 
    95     008E                     	;# 
    96     008F                     	;# 
    97     0090                     	;# 
    98     0091                     	;# 
    99     0092                     	;# 
   100     0093                     	;# 
   101     0093                     	;# 
   102     0093                     	;# 
   103     0094                     	;# 
   104     0095                     	;# 
   105     0096                     	;# 
   106     0097                     	;# 
   107     0098                     	;# 
   108     0099                     	;# 
   109     009A                     	;# 
   110     009B                     	;# 
   111     009C                     	;# 
   112     009D                     	;# 
   113     009E                     	;# 
   114     009F                     	;# 
   115     0105                     	;# 
   116     0107                     	;# 
   117     0108                     	;# 
   118     0109                     	;# 
   119     010C                     	;# 
   120     010C                     	;# 
   121     010D                     	;# 
   122     010E                     	;# 
   123     010F                     	;# 
   124     0185                     	;# 
   125     0187                     	;# 
   126     0188                     	;# 
   127     0189                     	;# 
   128     018C                     	;# 
   129     018D                     	;# 
   130     0000                     	;# 
   131     0001                     	;# 
   132     0002                     	;# 
   133     0003                     	;# 
   134     0004                     	;# 
   135     0005                     	;# 
   136     0006                     	;# 
   137     0007                     	;# 
   138     0008                     	;# 
   139     0009                     	;# 
   140     000A                     	;# 
   141     000B                     	;# 
   142     000C                     	;# 
   143     000D                     	;# 
   144     000E                     	;# 
   145     000E                     	;# 
   146     000F                     	;# 
   147     0010                     	;# 
   148     0011                     	;# 
   149     0012                     	;# 
   150     0013                     	;# 
   151     0014                     	;# 
   152     0015                     	;# 
   153     0015                     	;# 
   154     0016                     	;# 
   155     0017                     	;# 
   156     0018                     	;# 
   157     0019                     	;# 
   158     001A                     	;# 
   159     001B                     	;# 
   160     001B                     	;# 
   161     001C                     	;# 
   162     001D                     	;# 
   163     001E                     	;# 
   164     001F                     	;# 
   165     0081                     	;# 
   166     0085                     	;# 
   167     0086                     	;# 
   168     0087                     	;# 
   169     0088                     	;# 
   170     0089                     	;# 
   171     008C                     	;# 
   172     008D                     	;# 
   173     008E                     	;# 
   174     008F                     	;# 
   175     0090                     	;# 
   176     0091                     	;# 
   177     0092                     	;# 
   178     0093                     	;# 
   179     0093                     	;# 
   180     0093                     	;# 
   181     0094                     	;# 
   182     0095                     	;# 
   183     0096                     	;# 
   184     0097                     	;# 
   185     0098                     	;# 
   186     0099                     	;# 
   187     009A                     	;# 
   188     009B                     	;# 
   189     009C                     	;# 
   190     009D                     	;# 
   191     009E                     	;# 
   192     009F                     	;# 
   193     0105                     	;# 
   194     0107                     	;# 
   195     0108                     	;# 
   196     0109                     	;# 
   197     010C                     	;# 
   198     010C                     	;# 
   199     010D                     	;# 
   200     010E                     	;# 
   201     010F                     	;# 
   202     0185                     	;# 
   203     0187                     	;# 
   204     0188                     	;# 
   205     0189                     	;# 
   206     018C                     	;# 
   207     018D                     	;# 
   208     0005                     _PORTA	set	5
   209     0008                     _PORTD	set	8
   210     001F                     _ADCON0bits	set	31
   211     000C                     _PIR1bits	set	12
   212     0007                     _PORTC	set	7
   213     001E                     _ADRESH	set	30
   214     0009                     _PORTE	set	9
   215     0006                     _PORTB	set	6
   216     000B                     _INTCONbits	set	11
   217     0032                     _RB2	set	50
   218     0031                     _RB1	set	49
   219     0066                     _ADIF	set	102
   220     0030                     _RB0	set	48
   221     0096                     _IOCBbits	set	150
   222     0095                     _WPUBbits	set	149
   223     0081                     _OPTION_REGbits	set	129
   224     008C                     _PIE1bits	set	140
   225     009F                     _ADCON1bits	set	159
   226     008F                     _OSCCONbits	set	143
   227     0089                     _TRISE	set	137
   228     0088                     _TRISD	set	136
   229     0087                     _TRISC	set	135
   230     0086                     _TRISB	set	134
   231     0085                     _TRISA	set	133
   232     010C                     _EEDAT	set	268
   233     010D                     _EEADR	set	269
   234     018D                     _EECON2	set	397
   235     018C                     _EECON1bits	set	396
   236     0189                     _ANSELH	set	393
   237     0188                     _ANSEL	set	392
   238                           
   239                           	psect	cinit
   240     000F                     start_initialization:	
   241                           ; #config settings
   242                           
   243     000F                     __initialization:
   244                           
   245                           ; Clear objects allocated to COMMON
   246     000F  01F6               	clrf	__pbssCOMMON& (0+127)
   247     0010  01F7               	clrf	(__pbssCOMMON+1)& (0+127)
   248     0011  01F8               	clrf	(__pbssCOMMON+2)& (0+127)
   249     0012  01F9               	clrf	(__pbssCOMMON+3)& (0+127)
   250     0013                     end_of_initialization:	
   251                           ;End of C runtime variable initialization code
   252                           
   253     0013                     __end_of__initialization:
   254     0013  0183               	clrf	3
   255     0014  120A  118A  2817   	ljmp	_main	;jump to C main() function
   256                           
   257                           	psect	bssCOMMON
   258     0076                     __pbssCOMMON:
   259     0076                     _y:
   260     0076                     	ds	2
   261     0078                     _botonPrevState:
   262     0078                     	ds	1
   263     0079                     _potValue:
   264     0079                     	ds	1
   265                           
   266                           	psect	cstackCOMMON
   267     0070                     __pcstackCOMMON:
   268     0070                     ?_setup:
   269     0070                     ?_readEEPROM:	
   270                           ; 1 bytes @ 0x0
   271                           
   272     0070                     ?_isr:	
   273                           ; 1 bytes @ 0x0
   274                           
   275     0070                     ??_isr:	
   276                           ; 1 bytes @ 0x0
   277                           
   278     0070                     ?_main:	
   279                           ; 1 bytes @ 0x0
   280                           
   281                           
   282                           ; 2 bytes @ 0x0
   283     0070                     	ds	2
   284     0072                     ??_setup:
   285     0072                     ??_readEEPROM:	
   286                           ; 1 bytes @ 0x2
   287                           
   288     0072                     ?_writeEEPROM:	
   289                           ; 1 bytes @ 0x2
   290                           
   291     0072                     writeEEPROM@adress:	
   292                           ; 1 bytes @ 0x2
   293                           
   294     0072                     readEEPROM@adress:	
   295                           ; 1 bytes @ 0x2
   296                           
   297                           
   298                           ; 1 bytes @ 0x2
   299     0072                     	ds	1
   300     0073                     ??_writeEEPROM:
   301     0073                     writeEEPROM@data:	
   302                           ; 1 bytes @ 0x3
   303                           
   304                           
   305                           ; 1 bytes @ 0x3
   306     0073                     	ds	1
   307     0074                     ??_main:
   308                           
   309                           ; 1 bytes @ 0x4
   310     0074                     	ds	2
   311                           
   312                           	psect	maintext
   313     0017                     __pmaintext:	
   314 ;;
   315 ;;Main: autosize = 0, tempsize = 2, incstack = 0, save=0
   316 ;;
   317 ;; *************** function _main *****************
   318 ;; Defined at:
   319 ;;		line 63 in file "prelab9.c"
   320 ;; Parameters:    Size  Location     Type
   321 ;;		None
   322 ;; Auto vars:     Size  Location     Type
   323 ;;		None
   324 ;; Return value:  Size  Location     Type
   325 ;;                  2   86[None  ] int 
   326 ;; Registers used:
   327 ;;		wreg, status,2, status,0, pclath, cstack
   328 ;; Tracked objects:
   329 ;;		On entry : B00/0
   330 ;;		On exit  : 0/0
   331 ;;		Unchanged: 0/0
   332 ;; Data sizes:     COMMON   BANK0   BANK1   BANK3   BANK2
   333 ;;      Params:         0       0       0       0       0
   334 ;;      Locals:         0       0       0       0       0
   335 ;;      Temps:          2       0       0       0       0
   336 ;;      Totals:         2       0       0       0       0
   337 ;;Total ram usage:        2 bytes
   338 ;; Hardware stack levels required when called: 2
   339 ;; This function calls:
   340 ;;		_readEEPROM
   341 ;;		_setup
   342 ;;		_writeEEPROM
   343 ;; This function is called by:
   344 ;;		Startup code after reset
   345 ;; This function uses a non-reentrant model
   346 ;;
   347                           
   348     0017                     _main:	
   349                           ;psect for function _main
   350                           
   351     0017                     l841:	
   352                           ;incstack = 0
   353                           ; Regs used in _main: [wreg+status,2+status,0+pclath+cstack]
   354                           
   355                           
   356                           ;prelab9.c: 64:     setup();
   357     0017  120A  118A  2061  120A  118A  	fcall	_setup
   358     001C                     l843:
   359                           
   360                           ;prelab9.c: 66:         ADCON0bits.CHS = 0b0010;
   361     001C  1283               	bcf	3,5	;RP0=0, select bank0
   362     001D  1303               	bcf	3,6	;RP1=0, select bank0
   363     001E  081F               	movf	31,w	;volatile
   364     001F  39C3               	andlw	-61
   365     0020  3808               	iorlw	8
   366     0021  009F               	movwf	31	;volatile
   367     0022                     l845:
   368                           
   369                           ;prelab9.c: 67:         if(ADCON0bits.GO == 0){
   370     0022  189F               	btfsc	31,1	;volatile
   371     0023  2825               	goto	u91
   372     0024  2826               	goto	u90
   373     0025                     u91:
   374     0025  2832               	goto	l851
   375     0026                     u90:
   376     0026                     l847:
   377                           
   378                           ;prelab9.c: 68:             _delay((unsigned long)((10)*(1000000/4000.0)));
   379     0026  3004               	movlw	4
   380     0027  00F5               	movwf	??_main+1
   381     0028  303D               	movlw	61
   382     0029  00F4               	movwf	??_main
   383     002A                     u147:
   384     002A  0BF4               	decfsz	??_main,f
   385     002B  282A               	goto	u147
   386     002C  0BF5               	decfsz	??_main+1,f
   387     002D  282A               	goto	u147
   388     002E  282F               	nop2
   389     002F                     l849:
   390                           
   391                           ;prelab9.c: 69:             ADCON0bits.GO = 1;
   392     002F  1283               	bcf	3,5	;RP0=0, select bank0
   393     0030  1303               	bcf	3,6	;RP1=0, select bank0
   394     0031  149F               	bsf	31,1	;volatile
   395     0032                     l851:
   396                           
   397                           ;prelab9.c: 73:         PORTD = readEEPROM(0x04);
   398     0032  3004               	movlw	4
   399     0033  120A  118A  20D8  120A  118A  	fcall	_readEEPROM
   400     0038  1283               	bcf	3,5	;RP0=0, select bank0
   401     0039  1303               	bcf	3,6	;RP1=0, select bank0
   402     003A  0088               	movwf	8	;volatile
   403     003B                     l853:
   404                           
   405                           ;prelab9.c: 74:         if(RB1 == 0){
   406     003B  1886               	btfsc	6,1	;volatile
   407     003C  283E               	goto	u101
   408     003D  283F               	goto	u100
   409     003E                     u101:
   410     003E  2843               	goto	l859
   411     003F                     u100:
   412     003F                     l855:
   413                           
   414                           ;prelab9.c: 75:             INTCONbits.RBIF = 0;
   415     003F  100B               	bcf	11,0	;volatile
   416     0040                     l857:
   417                           
   418                           ;prelab9.c: 76:             PORTE = 0b010;
   419     0040  3002               	movlw	2
   420     0041  0089               	movwf	9	;volatile
   421     0042  0063               	sleep	;# 
   422     0043                     l859:
   423                           
   424                           ;prelab9.c: 80:         if(RB2 == 0){
   425     0043  1283               	bcf	3,5	;RP0=0, select bank0
   426     0044  1303               	bcf	3,6	;RP1=0, select bank0
   427     0045  1906               	btfsc	6,2	;volatile
   428     0046  2848               	goto	u111
   429     0047  2849               	goto	u110
   430     0048                     u111:
   431     0048  284B               	goto	l90
   432     0049                     u110:
   433     0049                     l861:
   434                           
   435                           ;prelab9.c: 82:             botonPrevState = 1;
   436     0049  01F8               	clrf	_botonPrevState
   437     004A  0AF8               	incf	_botonPrevState,f
   438     004B                     l90:	
   439                           ;prelab9.c: 84:         }
   440                           
   441                           
   442                           ;prelab9.c: 85:         if(RB2 == 1 && botonPrevState == 1){
   443     004B  1D06               	btfss	6,2	;volatile
   444     004C  284E               	goto	u121
   445     004D  284F               	goto	u120
   446     004E                     u121:
   447     004E  281C               	goto	l843
   448     004F                     u120:
   449     004F                     l863:
   450     004F  0378               	decf	_botonPrevState,w
   451     0050  1D03               	btfss	3,2
   452     0051  2853               	goto	u131
   453     0052  2854               	goto	u130
   454     0053                     u131:
   455     0053  281C               	goto	l843
   456     0054                     u130:
   457     0054                     l865:
   458                           
   459                           ;prelab9.c: 86:             writeEEPROM(potValue, 0x04);
   460     0054  3004               	movlw	4
   461     0055  00F2               	movwf	writeEEPROM@adress
   462     0056  0879               	movf	_potValue,w
   463     0057  120A  118A  20C4  120A  118A  	fcall	_writeEEPROM
   464     005C                     l867:
   465                           
   466                           ;prelab9.c: 87:             botonPrevState = 0;
   467     005C  01F8               	clrf	_botonPrevState
   468     005D  281C               	goto	l843
   469     005E  120A  118A  280C   	ljmp	start
   470     0061                     __end_of_main:
   471                           
   472                           	psect	text1
   473     00C4                     __ptext1:	
   474 ;; *************** function _writeEEPROM *****************
   475 ;; Defined at:
   476 ;;		line 146 in file "prelab9.c"
   477 ;; Parameters:    Size  Location     Type
   478 ;;  data            1    wreg     unsigned char 
   479 ;;  adress          1    2[COMMON] unsigned char 
   480 ;; Auto vars:     Size  Location     Type
   481 ;;  data            1    3[COMMON] unsigned char 
   482 ;; Return value:  Size  Location     Type
   483 ;;                  1    wreg      void 
   484 ;; Registers used:
   485 ;;		wreg
   486 ;; Tracked objects:
   487 ;;		On entry : 0/0
   488 ;;		On exit  : 0/0
   489 ;;		Unchanged: 0/0
   490 ;; Data sizes:     COMMON   BANK0   BANK1   BANK3   BANK2
   491 ;;      Params:         1       0       0       0       0
   492 ;;      Locals:         1       0       0       0       0
   493 ;;      Temps:          0       0       0       0       0
   494 ;;      Totals:         2       0       0       0       0
   495 ;;Total ram usage:        2 bytes
   496 ;; Hardware stack levels used: 1
   497 ;; Hardware stack levels required when called: 1
   498 ;; This function calls:
   499 ;;		Nothing
   500 ;; This function is called by:
   501 ;;		_main
   502 ;; This function uses a non-reentrant model
   503 ;;
   504                           
   505     00C4                     _writeEEPROM:	
   506                           ;psect for function _writeEEPROM
   507                           
   508                           
   509                           ;incstack = 0
   510                           ; Regs used in _writeEEPROM: [wreg]
   511                           ;writeEEPROM@data stored from wreg
   512     00C4  00F3               	movwf	writeEEPROM@data
   513     00C5                     l827:
   514                           
   515                           ;prelab9.c: 147:     EEADR = adress;
   516     00C5  0872               	movf	writeEEPROM@adress,w
   517     00C6  1283               	bcf	3,5	;RP0=0, select bank2
   518     00C7  1703               	bsf	3,6	;RP1=1, select bank2
   519     00C8  008D               	movwf	13	;volatile
   520                           
   521                           ;prelab9.c: 148:     EEDAT = data;
   522     00C9  0873               	movf	writeEEPROM@data,w
   523     00CA  008C               	movwf	12	;volatile
   524     00CB                     l829:
   525                           
   526                           ;prelab9.c: 150:     EECON1bits.EEPGD = 0;
   527     00CB  1683               	bsf	3,5	;RP0=1, select bank3
   528     00CC  1703               	bsf	3,6	;RP1=1, select bank3
   529     00CD  138C               	bcf	12,7	;volsfr
   530     00CE                     l831:
   531                           
   532                           ;prelab9.c: 151:     EECON1bits.WREN = 1;
   533     00CE  150C               	bsf	12,2	;volsfr
   534     00CF                     l833:
   535                           
   536                           ;prelab9.c: 153:     INTCONbits.GIE = 0;
   537     00CF  138B               	bcf	11,7	;volatile
   538                           
   539                           ;prelab9.c: 155:     EECON2 = 0x55;
   540     00D0  3055               	movlw	85
   541     00D1  008D               	movwf	13	;volsfr
   542                           
   543                           ;prelab9.c: 156:     EECON2 = 0xAA;
   544     00D2  30AA               	movlw	170
   545     00D3  008D               	movwf	13	;volsfr
   546     00D4                     l835:
   547                           
   548                           ;prelab9.c: 157:     EECON1bits.WR = 1;
   549     00D4  148C               	bsf	12,1	;volsfr
   550     00D5                     l837:
   551                           
   552                           ;prelab9.c: 159:     INTCONbits.GIE = 1;
   553     00D5  178B               	bsf	11,7	;volatile
   554     00D6                     l839:
   555                           
   556                           ;prelab9.c: 160:     EECON1bits.WREN = 0;
   557     00D6  110C               	bcf	12,2	;volsfr
   558     00D7                     l100:
   559     00D7  0008               	return
   560     00D8                     __end_of_writeEEPROM:
   561                           
   562                           	psect	text2
   563     0061                     __ptext2:	
   564 ;; *************** function _setup *****************
   565 ;; Defined at:
   566 ;;		line 94 in file "prelab9.c"
   567 ;; Parameters:    Size  Location     Type
   568 ;;		None
   569 ;; Auto vars:     Size  Location     Type
   570 ;;		None
   571 ;; Return value:  Size  Location     Type
   572 ;;                  1    wreg      void 
   573 ;; Registers used:
   574 ;;		wreg, status,2, status,0
   575 ;; Tracked objects:
   576 ;;		On entry : 0/0
   577 ;;		On exit  : 0/0
   578 ;;		Unchanged: 0/0
   579 ;; Data sizes:     COMMON   BANK0   BANK1   BANK3   BANK2
   580 ;;      Params:         0       0       0       0       0
   581 ;;      Locals:         0       0       0       0       0
   582 ;;      Temps:          1       0       0       0       0
   583 ;;      Totals:         1       0       0       0       0
   584 ;;Total ram usage:        1 bytes
   585 ;; Hardware stack levels used: 1
   586 ;; Hardware stack levels required when called: 1
   587 ;; This function calls:
   588 ;;		Nothing
   589 ;; This function is called by:
   590 ;;		_main
   591 ;; This function uses a non-reentrant model
   592 ;;
   593                           
   594     0061                     _setup:	
   595                           ;psect for function _setup
   596                           
   597     0061                     l695:	
   598                           ;incstack = 0
   599                           ; Regs used in _setup: [wreg+status,2+status,0]
   600                           
   601                           
   602                           ;prelab9.c: 95:     ANSEL = 0b00000100;
   603     0061  3004               	movlw	4
   604     0062  1683               	bsf	3,5	;RP0=1, select bank3
   605     0063  1703               	bsf	3,6	;RP1=1, select bank3
   606     0064  0088               	movwf	8	;volatile
   607     0065                     l697:
   608                           
   609                           ;prelab9.c: 96:     ANSELH = 0;
   610     0065  0189               	clrf	9	;volatile
   611     0066                     l699:
   612                           
   613                           ;prelab9.c: 98:     TRISA = 0b00000100;
   614     0066  3004               	movlw	4
   615     0067  1683               	bsf	3,5	;RP0=1, select bank1
   616     0068  1303               	bcf	3,6	;RP1=0, select bank1
   617     0069  0085               	movwf	5	;volatile
   618     006A                     l701:
   619                           
   620                           ;prelab9.c: 99:     TRISB = 0b00000111;
   621     006A  3007               	movlw	7
   622     006B  0086               	movwf	6	;volatile
   623     006C                     l703:
   624                           
   625                           ;prelab9.c: 100:     TRISC = 0;
   626     006C  0187               	clrf	7	;volatile
   627     006D                     l705:
   628                           
   629                           ;prelab9.c: 101:     TRISD = 0;
   630     006D  0188               	clrf	8	;volatile
   631     006E                     l707:
   632                           
   633                           ;prelab9.c: 102:     TRISE = 0;
   634     006E  0189               	clrf	9	;volatile
   635     006F                     l709:
   636                           
   637                           ;prelab9.c: 103:     PORTA = 0;
   638     006F  1283               	bcf	3,5	;RP0=0, select bank0
   639     0070  1303               	bcf	3,6	;RP1=0, select bank0
   640     0071  0185               	clrf	5	;volatile
   641     0072                     l711:
   642                           
   643                           ;prelab9.c: 104:     PORTB = 0x00;
   644     0072  0186               	clrf	6	;volatile
   645     0073                     l713:
   646                           
   647                           ;prelab9.c: 105:     PORTC = 0;
   648     0073  0187               	clrf	7	;volatile
   649     0074                     l715:
   650                           
   651                           ;prelab9.c: 106:     PORTD = 0;
   652     0074  0188               	clrf	8	;volatile
   653     0075                     l717:
   654                           
   655                           ;prelab9.c: 107:     PORTE = 0;
   656     0075  0189               	clrf	9	;volatile
   657     0076                     l719:
   658                           
   659                           ;prelab9.c: 109:     OSCCONbits.IRCF = 0b100;
   660     0076  1683               	bsf	3,5	;RP0=1, select bank1
   661     0077  1303               	bcf	3,6	;RP1=0, select bank1
   662     0078  080F               	movf	15,w	;volatile
   663     0079  398F               	andlw	-113
   664     007A  3840               	iorlw	64
   665     007B  008F               	movwf	15	;volatile
   666     007C                     l721:
   667                           
   668                           ;prelab9.c: 110:     OSCCONbits.SCS = 1;
   669     007C  140F               	bsf	15,0	;volatile
   670     007D                     l723:
   671                           
   672                           ;prelab9.c: 114:     ADCON1bits.ADFM = 0;
   673     007D  139F               	bcf	31,7	;volatile
   674     007E                     l725:
   675                           
   676                           ;prelab9.c: 115:     ADCON1bits.VCFG0 = 0;
   677     007E  121F               	bcf	31,4	;volatile
   678     007F                     l727:
   679                           
   680                           ;prelab9.c: 116:     ADCON1bits.VCFG1 = 0;
   681     007F  129F               	bcf	31,5	;volatile
   682     0080                     l729:
   683                           
   684                           ;prelab9.c: 118:     ADCON0bits.ADCS = 0b10;
   685     0080  1283               	bcf	3,5	;RP0=0, select bank0
   686     0081  1303               	bcf	3,6	;RP1=0, select bank0
   687     0082  081F               	movf	31,w	;volatile
   688     0083  393F               	andlw	-193
   689     0084  3880               	iorlw	128
   690     0085  009F               	movwf	31	;volatile
   691     0086                     l731:
   692                           
   693                           ;prelab9.c: 119:     ADCON0bits.CHS = 0b0010;
   694     0086  081F               	movf	31,w	;volatile
   695     0087  39C3               	andlw	-61
   696     0088  3808               	iorlw	8
   697     0089  009F               	movwf	31	;volatile
   698     008A                     l733:
   699                           
   700                           ;prelab9.c: 120:     _delay((unsigned long)((50)*(1000000/4000000.0)));
   701     008A  3003               	movlw	3
   702     008B  00F2               	movwf	??_setup
   703     008C                     u157:
   704     008C  0BF2               	decfsz	??_setup,f
   705     008D  288C               	goto	u157
   706     008E  288F               	nop2
   707     008F                     l735:
   708                           
   709                           ;prelab9.c: 121:     ADCON0bits.ADON = 1;
   710     008F  1283               	bcf	3,5	;RP0=0, select bank0
   711     0090  1303               	bcf	3,6	;RP1=0, select bank0
   712     0091  141F               	bsf	31,0	;volatile
   713     0092                     l737:
   714                           
   715                           ;prelab9.c: 125:     PIR1bits.ADIF = 0;
   716     0092  130C               	bcf	12,6	;volatile
   717     0093                     l739:
   718                           
   719                           ;prelab9.c: 126:     PIE1bits.ADIE = 1;
   720     0093  1683               	bsf	3,5	;RP0=1, select bank1
   721     0094  1303               	bcf	3,6	;RP1=0, select bank1
   722     0095  170C               	bsf	12,6	;volatile
   723     0096                     l741:
   724                           
   725                           ;prelab9.c: 127:     INTCONbits.PEIE = 1;
   726     0096  170B               	bsf	11,6	;volatile
   727     0097                     l743:
   728                           
   729                           ;prelab9.c: 128:     INTCONbits.GIE = 1;
   730     0097  178B               	bsf	11,7	;volatile
   731     0098                     l745:
   732                           
   733                           ;prelab9.c: 131:     OPTION_REGbits.nRBPU = 0;
   734     0098  1381               	bcf	1,7	;volatile
   735     0099                     l747:
   736                           
   737                           ;prelab9.c: 132:     WPUBbits.WPUB0 = 1;
   738     0099  1415               	bsf	21,0	;volatile
   739     009A                     l749:
   740                           
   741                           ;prelab9.c: 133:     WPUBbits.WPUB1 = 1;
   742     009A  1495               	bsf	21,1	;volatile
   743     009B                     l751:
   744                           
   745                           ;prelab9.c: 134:     WPUBbits.WPUB2 = 1;
   746     009B  1515               	bsf	21,2	;volatile
   747     009C                     l753:
   748                           
   749                           ;prelab9.c: 137:     INTCONbits.RBIE = 1;
   750     009C  158B               	bsf	11,3	;volatile
   751     009D                     l755:
   752                           
   753                           ;prelab9.c: 138:     INTCONbits.RBIF = 0;
   754     009D  100B               	bcf	11,0	;volatile
   755     009E                     l757:
   756                           
   757                           ;prelab9.c: 139:     IOCBbits.IOCB0 = 1;
   758     009E  1416               	bsf	22,0	;volatile
   759     009F                     l759:
   760                           
   761                           ;prelab9.c: 141:     IOCBbits.IOCB2 = 1;
   762     009F  1516               	bsf	22,2	;volatile
   763     00A0                     l97:
   764     00A0  0008               	return
   765     00A1                     __end_of_setup:
   766                           
   767                           	psect	text3
   768     00D8                     __ptext3:	
   769 ;; *************** function _readEEPROM *****************
   770 ;; Defined at:
   771 ;;		line 163 in file "prelab9.c"
   772 ;; Parameters:    Size  Location     Type
   773 ;;  adress          1    wreg     unsigned char 
   774 ;; Auto vars:     Size  Location     Type
   775 ;;  adress          1    2[COMMON] unsigned char 
   776 ;; Return value:  Size  Location     Type
   777 ;;                  1    wreg      unsigned char 
   778 ;; Registers used:
   779 ;;		wreg
   780 ;; Tracked objects:
   781 ;;		On entry : 0/0
   782 ;;		On exit  : 0/0
   783 ;;		Unchanged: 0/0
   784 ;; Data sizes:     COMMON   BANK0   BANK1   BANK3   BANK2
   785 ;;      Params:         0       0       0       0       0
   786 ;;      Locals:         1       0       0       0       0
   787 ;;      Temps:          0       0       0       0       0
   788 ;;      Totals:         1       0       0       0       0
   789 ;;Total ram usage:        1 bytes
   790 ;; Hardware stack levels used: 1
   791 ;; Hardware stack levels required when called: 1
   792 ;; This function calls:
   793 ;;		Nothing
   794 ;; This function is called by:
   795 ;;		_main
   796 ;; This function uses a non-reentrant model
   797 ;;
   798                           
   799     00D8                     _readEEPROM:	
   800                           ;psect for function _readEEPROM
   801                           
   802                           
   803                           ;incstack = 0
   804                           ; Regs used in _readEEPROM: [wreg]
   805                           ;readEEPROM@adress stored from wreg
   806     00D8  00F2               	movwf	readEEPROM@adress
   807     00D9                     l763:
   808                           
   809                           ;prelab9.c: 164:     EEADR = adress;
   810     00D9  0872               	movf	readEEPROM@adress,w
   811     00DA  1283               	bcf	3,5	;RP0=0, select bank2
   812     00DB  1703               	bsf	3,6	;RP1=1, select bank2
   813     00DC  008D               	movwf	13	;volatile
   814     00DD                     l765:
   815                           
   816                           ;prelab9.c: 165:     EECON1bits.EEPGD = 0;
   817     00DD  1683               	bsf	3,5	;RP0=1, select bank3
   818     00DE  1703               	bsf	3,6	;RP1=1, select bank3
   819     00DF  138C               	bcf	12,7	;volsfr
   820     00E0                     l767:
   821                           
   822                           ;prelab9.c: 166:     EECON1bits.RD = 1;
   823     00E0  140C               	bsf	12,0	;volsfr
   824                           
   825                           ;prelab9.c: 167:     return EEDAT;
   826     00E1  1283               	bcf	3,5	;RP0=0, select bank2
   827     00E2  1703               	bsf	3,6	;RP1=1, select bank2
   828     00E3  080C               	movf	12,w	;volatile
   829     00E4                     l103:
   830     00E4  0008               	return
   831     00E5                     __end_of_readEEPROM:
   832                           
   833                           	psect	text4
   834     00A1                     __ptext4:	
   835 ;; *************** function _isr *****************
   836 ;; Defined at:
   837 ;;		line 43 in file "prelab9.c"
   838 ;; Parameters:    Size  Location     Type
   839 ;;		None
   840 ;; Auto vars:     Size  Location     Type
   841 ;;		None
   842 ;; Return value:  Size  Location     Type
   843 ;;                  1    wreg      void 
   844 ;; Registers used:
   845 ;;		wreg
   846 ;; Tracked objects:
   847 ;;		On entry : 0/0
   848 ;;		On exit  : 0/0
   849 ;;		Unchanged: 0/0
   850 ;; Data sizes:     COMMON   BANK0   BANK1   BANK3   BANK2
   851 ;;      Params:         0       0       0       0       0
   852 ;;      Locals:         0       0       0       0       0
   853 ;;      Temps:          2       0       0       0       0
   854 ;;      Totals:         2       0       0       0       0
   855 ;;Total ram usage:        2 bytes
   856 ;; Hardware stack levels used: 1
   857 ;; This function calls:
   858 ;;		Nothing
   859 ;; This function is called by:
   860 ;;		Interrupt level 1
   861 ;; This function uses a non-reentrant model
   862 ;;
   863                           
   864     00A1                     _isr:	
   865                           ;psect for function _isr
   866                           
   867     00A1                     i1l785:
   868                           
   869                           ;prelab9.c: 44:     if(INTCONbits.RBIF){
   870     00A1  1C0B               	btfss	11,0	;volatile
   871     00A2  28A4               	goto	u1_21
   872     00A3  28A5               	goto	u1_20
   873     00A4                     u1_21:
   874     00A4  28B2               	goto	i1l793
   875     00A5                     u1_20:
   876     00A5                     i1l787:
   877                           
   878                           ;prelab9.c: 47:         if(RB0 == 0){
   879     00A5  1283               	bcf	3,5	;RP0=0, select bank0
   880     00A6  1303               	bcf	3,6	;RP1=0, select bank0
   881     00A7  1806               	btfsc	6,0	;volatile
   882     00A8  28AA               	goto	u2_21
   883     00A9  28AB               	goto	u2_20
   884     00AA                     u2_21:
   885     00AA  28AF               	goto	i1l80
   886     00AB                     u2_20:
   887     00AB                     i1l789:
   888                           
   889                           ;prelab9.c: 49:             PORTB = PORTB;
   890     00AB  0806               	movf	6,w	;volatile
   891     00AC  0086               	movwf	6	;volatile
   892                           
   893                           ;prelab9.c: 51:             PORTE = 0b01;
   894     00AD  3001               	movlw	1
   895     00AE  0089               	movwf	9	;volatile
   896     00AF                     i1l80:	
   897                           ;prelab9.c: 52:         }
   898                           
   899                           
   900                           ;prelab9.c: 53:         PORTE = 0b11;
   901     00AF  3003               	movlw	3
   902     00B0  0089               	movwf	9	;volatile
   903     00B1                     i1l791:
   904                           
   905                           ;prelab9.c: 54:         INTCONbits.RBIF = 0;
   906     00B1  100B               	bcf	11,0	;volatile
   907     00B2                     i1l793:
   908                           
   909                           ;prelab9.c: 56:     if(ADIF){
   910     00B2  1283               	bcf	3,5	;RP0=0, select bank0
   911     00B3  1303               	bcf	3,6	;RP1=0, select bank0
   912     00B4  1F0C               	btfss	12,6	;volatile
   913     00B5  28B7               	goto	u3_21
   914     00B6  28B8               	goto	u3_20
   915     00B7                     u3_21:
   916     00B7  28BD               	goto	i1l82
   917     00B8                     u3_20:
   918     00B8                     i1l795:
   919                           
   920                           ;prelab9.c: 57:         potValue = ADRESH;
   921     00B8  081E               	movf	30,w	;volatile
   922     00B9  00F9               	movwf	_potValue
   923                           
   924                           ;prelab9.c: 58:         PORTC = potValue;
   925     00BA  0879               	movf	_potValue,w
   926     00BB  0087               	movwf	7	;volatile
   927     00BC                     i1l797:
   928                           
   929                           ;prelab9.c: 59:         PIR1bits.ADIF = 0;
   930     00BC  130C               	bcf	12,6	;volatile
   931     00BD                     i1l82:
   932     00BD  0871               	movf	??_isr+1,w
   933     00BE  008A               	movwf	10
   934     00BF  0E70               	swapf	??_isr,w
   935     00C0  0083               	movwf	3
   936     00C1  0EFE               	swapf	btemp,f
   937     00C2  0E7E               	swapf	btemp,w
   938     00C3  0009               	retfie
   939     00C4                     __end_of_isr:
   940     007E                     btemp	set	126	;btemp
   941     007E                     wtemp0	set	126
   942                           
   943                           	psect	intentry
   944     0004                     __pintentry:	
   945                           ;incstack = 0
   946                           ; Regs used in _isr: [wreg]
   947                           
   948     0004                     interrupt_function:
   949     007E                     saved_w	set	btemp
   950     0004  00FE               	movwf	btemp
   951     0005  0E03               	swapf	3,w
   952     0006  00F0               	movwf	??_isr
   953     0007  080A               	movf	10,w
   954     0008  00F1               	movwf	??_isr+1
   955     0009  120A  118A  28A1   	ljmp	_isr
   956                           
   957                           	psect	idloc
   958                           
   959                           ;Config register IDLOC0 @ 0x2000
   960                           ;	unspecified, using default values
   961     2000                     	org	8192
   962     2000  3FFF               	dw	16383
   963                           
   964                           ;Config register IDLOC1 @ 0x2001
   965                           ;	unspecified, using default values
   966     2001                     	org	8193
   967     2001  3FFF               	dw	16383
   968                           
   969                           ;Config register IDLOC2 @ 0x2002
   970                           ;	unspecified, using default values
   971     2002                     	org	8194
   972     2002  3FFF               	dw	16383
   973                           
   974                           ;Config register IDLOC3 @ 0x2003
   975                           ;	unspecified, using default values
   976     2003                     	org	8195
   977     2003  3FFF               	dw	16383
   978                           
   979                           	psect	config
   980                           
   981                           ;Config register CONFIG1 @ 0x2007
   982                           ;	Oscillator Selection bits
   983                           ;	FOSC = INTRC_NOCLKOUT, INTOSCIO oscillator: I/O function on RA6/OSC2/CLKOUT pin, I/O f
      +                          unction on RA7/OSC1/CLKIN
   984                           ;	Watchdog Timer Enable bit
   985                           ;	WDTE = OFF, WDT disabled and can be enabled by SWDTEN bit of the WDTCON register
   986                           ;	Power-up Timer Enable bit
   987                           ;	PWRTE = OFF, PWRT disabled
   988                           ;	RE3/MCLR pin function select bit
   989                           ;	MCLRE = OFF, RE3/MCLR pin function is digital input, MCLR internally tied to VDD
   990                           ;	Code Protection bit
   991                           ;	CP = OFF, Program memory code protection is disabled
   992                           ;	Data Code Protection bit
   993                           ;	CPD = OFF, Data memory code protection is disabled
   994                           ;	Brown Out Reset Selection bits
   995                           ;	BOREN = OFF, BOR disabled
   996                           ;	Internal External Switchover bit
   997                           ;	IESO = OFF, Internal/External Switchover mode is disabled
   998                           ;	Fail-Safe Clock Monitor Enabled bit
   999                           ;	FCMEN = OFF, Fail-Safe Clock Monitor is disabled
  1000                           ;	Low Voltage Programming Enable bit
  1001                           ;	LVP = OFF, RB3 pin has digital I/O, HV on MCLR must be used for programming
  1002                           ;	In-Circuit Debugger Mode bit
  1003                           ;	DEBUG = 0x1, unprogramme  1004     2007                     	org	8199
  1005     2007  20D4               	dw	8404
  1006                           
  1007                           ;Config register CONFIG2 @ 0x2008
  1008                           ;	Brown-out Reset Selection bit
  1009                           ;	BOR4V = BOR40V, Brown-out Reset set to 4.0V
  1010                           ;	Flash Program Memory Self Write Enable bits
  1011                           ;	WRT = OFF, Write protection off
  1012     2008                     	org	8200
  1013     2008  3FFF               	dw	16383

Data Sizes:
    Strings     0
    Constant    0
    Data        0
    BSS         4
    Persistent  0
    Stack       0

Auto Spaces:
    Space          Size  Autos    Used
    COMMON           14      6      10
    BANK0            80      0       0
    BANK1            80      0       0
    BANK3            96      0       0
    BANK2            96      0       0

Pointer List with Targets:

    None.

Critical Paths under _main in COMMON

    _main->_writeEEPROM

Critical Paths under _isr in COMMON

    None.

Critical Paths under _main in BANK0

    None.

Critical Paths under _isr in BANK0

    None.

Critical Paths under _main in BANK1

    None.

Critical Paths under _isr in BANK1

    None.

Critical Paths under _main in BANK3

    None.

Critical Paths under _isr in BANK3

    None.

Critical Paths under _main in BANK2

    None.

Critical Paths under _isr in BANK2

    None.

Call Graph Tables:

 ---------------------------------------------------------------------------------
 (Depth) Function   	        Calls       Base Space   Used Autos Params    Refs
 ---------------------------------------------------------------------------------
 (0) _main                                                 2     2      0     135
                                              4 COMMON     2     2      0
                         _readEEPROM
                              _setup
                        _writeEEPROM
 ---------------------------------------------------------------------------------
 (1) _writeEEPROM                                          2     1      1     120
                                              2 COMMON     2     1      1
 ---------------------------------------------------------------------------------
 (1) _setup                                                1     1      0       0
                                              2 COMMON     1     1      0
 ---------------------------------------------------------------------------------
 (1) _readEEPROM                                           1     1      0      15
                                              2 COMMON     1     1      0
 ---------------------------------------------------------------------------------
 Estimated maximum stack depth 1
 ---------------------------------------------------------------------------------
 (Depth) Function   	        Calls       Base Space   Used Autos Params    Refs
 ---------------------------------------------------------------------------------
 (2) _isr                                                  2     2      0       0
                                              0 COMMON     2     2      0
 ---------------------------------------------------------------------------------
 Estimated maximum stack depth 2
 ---------------------------------------------------------------------------------

 Call Graph Graphs:

 _main (ROOT)
   _readEEPROM
   _setup
   _writeEEPROM

 _isr (ROOT)

 Address spaces:
Name               Size   Autos  Total    Cost      Usage
BITCOMMON            E      0       0       0        0.0%
EEDATA             100      0       0       0        0.0%
NULL                 0      0       0       0        0.0%
CODE                 0      0       0       0        0.0%
COMMON               E      6       A       1       71.4%
BITSFR0              0      0       0       1        0.0%
SFR0                 0      0       0       1        0.0%
BITSFR1              0      0       0       2        0.0%
SFR1                 0      0       0       2        0.0%
STACK                0      0       0       2        0.0%
ABS                  0      0       A       3        0.0%
BITBANK0            50      0       0       4        0.0%
BITSFR3              0      0       0       4        0.0%
SFR3                 0      0       0       4        0.0%
BANK0               50      0       0       5        0.0%
BITSFR2              0      0       0       5        0.0%
SFR2                 0      0       0       5        0.0%
BITBANK1            50      0       0       6        0.0%
BANK1               50      0       0       7        0.0%
BITBANK3            60      0       0       8        0.0%
BANK3               60      0       0       9        0.0%
BITBANK2            60      0       0      10        0.0%
BANK2               60      0       0      11        0.0%
DATA                 0      0       A      12        0.0%


Microchip Technology PIC Macro Assembler V2.40 build 20220703182018 
Symbol Table                                                                                   Fri Apr 21 17:46:52 2023

                      _y 0076                       l90 004B                       l97 00A0  
                     u90 0026                       u91 0025                      l100 00D7  
                    l103 00E4                      l701 006A                      l711 0072  
                    l703 006C                      l721 007C                      l713 0073  
                    l705 006D                      l731 0086                      l723 007D  
                    l715 0074                      l707 006E                      l741 0096  
                    l733 008A                      l725 007E                      l717 0075  
                    l709 006F                      l751 009B                      l743 0097  
                    l735 008F                      l727 007F                      l719 0076  
                    l831 00CE                      l753 009C                      l745 0098  
                    l737 0092                      l729 0080                      l833 00CF  
                    l841 0017                      l763 00D9                      l755 009D  
                    l747 0099                      l739 0093                      l835 00D4  
                    l827 00C5                      l851 0032                      l843 001C  
                    l765 00DD                      l757 009E                      l749 009A  
                    l837 00D5                      l829 00CB                      l861 0049  
                    l853 003B                      l845 0022                      l767 00E0  
                    l759 009F                      l695 0061                      l839 00D6  
                    l863 004F                      l855 003F                      l847 0026  
                    l697 0065                      l865 0054                      l857 0040  
                    l849 002F                      l699 0066                      l867 005C  
                    l859 0043                      _RB0 0030                      _RB1 0031  
                    _RB2 0032                      u100 003F                      u101 003E  
                    u110 0049                      u111 0048                      u120 004F  
                    u121 004E                      u130 0054                      u131 0053  
                    u147 002A                      u157 008C                      _isr 00A1  
                   _ADIF 0066                     ?_isr 0070        writeEEPROM@adress 0072  
                   i1l80 00AF                     i1l82 00BD                     u1_20 00A5  
                   u1_21 00A4                     u2_20 00AB                     u2_21 00AA  
                   u3_20 00B8                     u3_21 00B7                     _main 0017  
         _botonPrevState 0078                     btemp 007E                     start 000C  
            _writeEEPROM 00C4                    ??_isr 0070                    ?_main 0070  
                  _EEADR 010D                    _EEDAT 010C                    _ANSEL 0188  
                  i1l791 00B1                    i1l793 00B2                    i1l785 00A1  
                  i1l795 00B8                    i1l787 00A5                    i1l797 00BC  
                  i1l789 00AB                    _PORTA 0005                    _PORTB 0006  
                  _PORTC 0007                    _PORTD 0008                    _PORTE 0009  
                  _TRISA 0085                    _TRISB 0086                    _TRISC 0087  
                  _TRISD 0088                    _TRISE 0089                    _setup 0061  
                  pclath 000A                    status 0003                    wtemp0 007E  
        __initialization 000F             __end_of_main 0061                   ??_main 0074  
                 _ADRESH 001E                   _EECON2 018D                   ?_setup 0070  
                 _ANSELH 0189                   saved_w 007E  __end_of__initialization 0013  
        writeEEPROM@data 0073           __pcstackCOMMON 0070            __end_of_setup 00A1  
         _OPTION_REGbits 0081                  ??_setup 0072               __pmaintext 0017  
           ?_writeEEPROM 0072               __pintentry 0004               _readEEPROM 00D8  
                __ptext1 00C4                  __ptext2 0061                  __ptext3 00D8  
                __ptext4 00A1     end_of_initialization 0013              ?_readEEPROM 0070  
    start_initialization 000F              __end_of_isr 00C4              __pbssCOMMON 0076  
              ___latbits 0002        interrupt_function 0004                 _IOCBbits 0096  
               _PIE1bits 008C                 _PIR1bits 000C               _ADCON0bits 001F  
             _ADCON1bits 009F         readEEPROM@adress 0072                 _WPUBbits 0095  
           ??_readEEPROM 0072               _EECON1bits 018C       __end_of_readEEPROM 00E5  
          ??_writeEEPROM 0073                 _potValue 0079               _INTCONbits 000B  
               intlevel1 0000               _OSCCONbits 008F      __end_of_writeEEPROM 00D8  
